<?xml version="1.0" encoding="UTF-8"?>
<!-- Generated by org.testng.reporters.JUnitXMLReporter -->
<testsuite hostname="Admin_SRV-PC" ignored="0" name="Default test" tests="7" failures="0" timestamp="2023-02-20T18:57:26 IST" time="30.401" errors="0">
  <testcase name="fab" time="7.367" classname="JavaPrograms.Revresenumber"/>
  <testcase name="factorialProgram" time="0.0" classname="JavaPrograms.Revresenumber"/>
  <testcase name="numbers" time="0.007" classname="JavaPrograms.Revresenumber"/>
  <testcase name="revrseNum" time="0.0" classname="JavaPrograms.Revresenumber"/>
  <testcase name="revstring" time="0.0" classname="JavaPrograms.Revresenumber"/>
  <testcase name="rightpattern" time="0.016" classname="JavaPrograms.Revresenumber"/>
  <testcase name="swpnumber" time="22.914" classname="JavaPrograms.Revresenumber"/>
</testsuite> <!-- Default test -->
