<?xml version="1.0" encoding="UTF-8"?>
<testng-results ignored="0" total="1" passed="1" failed="0" skipped="0">
  <reporter-output>
  </reporter-output>
  <suite started-at="2023-03-05T17:20:11 IST" name="Default suite" finished-at="2023-03-05T17:20:14 IST" duration-ms="2678">
    <groups>
    </groups>
    <test started-at="2023-03-05T17:20:11 IST" name="Default test" finished-at="2023-03-05T17:20:14 IST" duration-ms="2678">
      <class name="JavaPrograms.PallendiromProgram">
        <test-method signature="Pallendiromprogrm()[pri:0, instance:JavaPrograms.PallendiromProgram@44821a96]" started-at="2023-03-05T17:20:11 IST" name="Pallendiromprogrm" finished-at="2023-03-05T17:20:14 IST" duration-ms="2611" status="PASS">
          <reporter-output>
          </reporter-output>
        </test-method> <!-- Pallendiromprogrm -->
      </class> <!-- JavaPrograms.PallendiromProgram -->
    </test> <!-- Default test -->
  </suite> <!-- Default suite -->
</testng-results>
